<html>
<head>
<title>TestNG:  WWT SCM TestNG_SearchFilterDriver</title>
<link href="../testng.css" rel="stylesheet" type="text/css" />
<link href="../my-testng.css" rel="stylesheet" type="text/css" />

<style type="text/css">
.log { display: none;} 
.stack-trace { display: none;} 
</style>
<script type="text/javascript">
<!--
function flip(e) {
  current = e.style.display;
  if (current == 'block') {
    e.style.display = 'none';
    return 0;
  }
  else {
    e.style.display = 'block';
    return 1;
  }
}

function toggleBox(szDivId, elem, msg1, msg2)
{
  var res = -1;  if (document.getElementById) {
    res = flip(document.getElementById(szDivId));
  }
  else if (document.all) {
    // this is the way old msie versions work
    res = flip(document.all[szDivId]);
  }
  if(elem) {
    if(res == 0) elem.innerHTML = msg1; else elem.innerHTML = msg2;
  }

}

function toggleAllBoxes() {
  if (document.getElementsByTagName) {
    d = document.getElementsByTagName('div');
    for (i = 0; i < d.length; i++) {
      if (d[i].className == 'log') {
        flip(d[i]);
      }
    }
  }
}

// -->
</script>

</head>
<body>
<h2 align='center'>WWT SCM TestNG_SearchFilterDriver</h2><table border='1' align="center">
<tr>
<td>Tests passed/Failed/Skipped:</td><td>48/4/0</td>
</tr><tr>
<td>Started on:</td><td>Fri Oct 04 15:54:17 IST 2013</td>
</tr>
<tr><td>Total time:</td><td>2814 seconds (2814585 ms)</td>
</tr><tr>
<td>Included groups:</td><td></td>
</tr><tr>
<td>Excluded groups:</td><td></td>
</tr>
</table><p/>
<small><i>(Hover the method name to see the test class name)</i></small><p/>
<table width='100%' border='1' class='invocation-failed'>
<tr><td colspan='4' align='center'><b>FAILED CONFIGURATIONS</b></td></tr>
<tr><td><b>Test method</b></td>
<td width="30%"><b>Exception</b></td>
<td width="10%"><b>Time (seconds)</b></td>
<td><b>Instance</b></td>
</tr>
<tr>
<td title='com.wwt.scm.TestNG_SearchFilterDriver.afterTest()'><b>afterTest</b><br>Test class: com.wwt.scm.TestNG_SearchFilterDriver</td>
<td><div><pre>org.openqa.selenium.WebDriverException: Error communicating with the remote browser. It may have died.
Build info: version: &apos;2.35.0&apos;, revision: &apos;c916b9d&apos;, time: &apos;2013-08-12 15:42:01&apos;
System info: os.name: &apos;Windows 7&apos;, os.arch: &apos;amd64&apos;, os.version: &apos;6.1&apos;, java.version: &apos;1.7.0_25&apos;
Driver info: driver.version: EventFiringWebDriver
Command duration or timeout: 1.53 seconds
Build info: version: &apos;2.35.0&apos;, revision: &apos;8df0c6b&apos;, time: &apos;2013-08-12 15:43:19&apos;
System info: os.name: &apos;Windows 7&apos;, os.arch: &apos;amd64&apos;, os.version: &apos;6.1&apos;, java.version: &apos;1.7.0_25&apos;
Session ID: 63677b75-28e8-4bbd-ae27-618d26c59fbc
Driver info: org.openqa.selenium.remote.RemoteWebDriver
Capabilities [{platform=XP, javascriptEnabled=true, acceptSslCerts=true, browserName=firefox, rotatable=false, locationContextEnabled=true, webdriver.remote.sessionid=63677b75-28e8-4bbd-ae27-618d26c59fbc, version=23.0.1, databaseEnabled=true, cssSelectorsEnabled=true, handlesAlerts=true, browserConnectionEnabled=true, nativeEvents=true, webStorageEnabled=true, applicationCacheEnabled=true, takesScreenshot=true}]
	at org.openqa.selenium.remote.ErrorHandler.createThrowable(ErrorHandler.java:191)
	at org.openqa.selenium.remote.ErrorHandler.throwIfResponseFailed(ErrorHandler.java:145)
	at org.openqa.selenium.remote.RemoteWebDriver.execute(RemoteWebDriver.java:554)
	at org.openqa.selenium.remote.RemoteWebDriver.execute(RemoteWebDriver.java:569)
	at org.openqa.selenium.remote.RemoteWebDriver.quit(RemoteWebDriver.java:423)
	at com.wwt.scm.TestNG_SearchFilterDriver.afterTest(TestNG_SearchFilterDriver.java:55)
	at java.util.concurrent.FutureTask$Sync.innerRun(FutureTask.java:334)
	at java.util.concurrent.FutureTask.run(FutureTask.java:166)
	at java.util.concurrent.ThreadPoolExecutor.runWorker(ThreadPoolExecutor.java:1145)
	at java.util.concurrent.ThreadPoolExecutor$Worker.run(ThreadPoolExecutor.java:615)
	at java.lang.Thread.run(Thread.java:724)
Caused by: org.openqa.selenium.remote.UnreachableBrowserException: Error communicating with the remote browser. It may have died.
Build info: version: &apos;2.35.0&apos;, revision: &apos;c916b9d&apos;, time: &apos;2013-08-12 15:42:01&apos;
System info: os.name: &apos;Windows 7&apos;, os.arch: &apos;amd64&apos;, os.version: &apos;6.1&apos;, java.version: &apos;1.7.0_25&apos;
Driver info: driver.version: EventFiringWebDriver
Build info: version: &apos;2.35.0&apos;, revision: &apos;8df0c6b&apos;, time: &apos;2013-08-12 15:43:19&apos;
System info: os.name: &apos;Windows 7&apos;, os.arch: &apos;amd64&apos;, os.version: &apos;6.1&apos;, java.version: &apos;1.7.0_25&apos;
Driver info: driver.version: EventFiringWebDriver
	at org.openqa.selenium.remote.RemoteWebDriver.execute(RemoteWebDriver.java:548)
	at org.openqa.selenium.remote.RemoteWebDriver.execute(RemoteWebDriver.java:569)
	at org.openqa.selenium.remote.RemoteWebDriver.quit(RemoteWebDriver.java:423)
	at org.openqa.selenium.support.events.EventFiringWebDriver$2.invoke(EventFiringWebDriver.java:101)
	at com.sun.proxy.$Proxy1.quit(Unknown Source)
	at org.openqa.selenium.support.events.EventFiringWebDriver.quit(EventFiringWebDriver.java:194)
	at org.openqa.selenium.remote.server.handler.DeleteSession.call(DeleteSession.java:49)
	at org.openqa.selenium.remote.server.handler.DeleteSession.call(DeleteSession.java:1)
	at java.util.concurrent.FutureTask$Sync.innerRun(FutureTask.java:334)
	at java.util.concurrent.FutureTask.run(FutureTask.java:166)
	at org.openqa.selenium.remote.server.DefaultSession$1.run(DefaultSession.java:169)
	... 3 more
... Removed 24 stack frames</pre></div><a href='#' onClick='toggleBox("stack-trace2073633364", this, "Click to show all stack frames", "Click to hide stack frames")'>Click to show all stack frames</a>
<div class='stack-trace' id='stack-trace2073633364'><pre>org.openqa.selenium.WebDriverException: Error communicating with the remote browser. It may have died.
Build info: version: &apos;2.35.0&apos;, revision: &apos;c916b9d&apos;, time: &apos;2013-08-12 15:42:01&apos;
System info: os.name: &apos;Windows 7&apos;, os.arch: &apos;amd64&apos;, os.version: &apos;6.1&apos;, java.version: &apos;1.7.0_25&apos;
Driver info: driver.version: EventFiringWebDriver
Command duration or timeout: 1.53 seconds
Build info: version: &apos;2.35.0&apos;, revision: &apos;8df0c6b&apos;, time: &apos;2013-08-12 15:43:19&apos;
System info: os.name: &apos;Windows 7&apos;, os.arch: &apos;amd64&apos;, os.version: &apos;6.1&apos;, java.version: &apos;1.7.0_25&apos;
Session ID: 63677b75-28e8-4bbd-ae27-618d26c59fbc
Driver info: org.openqa.selenium.remote.RemoteWebDriver
Capabilities [{platform=XP, javascriptEnabled=true, acceptSslCerts=true, browserName=firefox, rotatable=false, locationContextEnabled=true, webdriver.remote.sessionid=63677b75-28e8-4bbd-ae27-618d26c59fbc, version=23.0.1, databaseEnabled=true, cssSelectorsEnabled=true, handlesAlerts=true, browserConnectionEnabled=true, nativeEvents=true, webStorageEnabled=true, applicationCacheEnabled=true, takesScreenshot=true}]
	at sun.reflect.NativeConstructorAccessorImpl.newInstance0(Native Method)
	at sun.reflect.NativeConstructorAccessorImpl.newInstance(NativeConstructorAccessorImpl.java:57)
	at sun.reflect.DelegatingConstructorAccessorImpl.newInstance(DelegatingConstructorAccessorImpl.java:45)
	at java.lang.reflect.Constructor.newInstance(Constructor.java:526)
	at org.openqa.selenium.remote.ErrorHandler.createThrowable(ErrorHandler.java:191)
	at org.openqa.selenium.remote.ErrorHandler.throwIfResponseFailed(ErrorHandler.java:145)
	at org.openqa.selenium.remote.RemoteWebDriver.execute(RemoteWebDriver.java:554)
	at org.openqa.selenium.remote.RemoteWebDriver.execute(RemoteWebDriver.java:569)
	at org.openqa.selenium.remote.RemoteWebDriver.quit(RemoteWebDriver.java:423)
	at com.wwt.scm.TestNG_SearchFilterDriver.afterTest(TestNG_SearchFilterDriver.java:55)
	at sun.reflect.NativeMethodAccessorImpl.invoke0(Native Method)
	at sun.reflect.NativeMethodAccessorImpl.invoke(NativeMethodAccessorImpl.java:57)
	at sun.reflect.DelegatingMethodAccessorImpl.invoke(DelegatingMethodAccessorImpl.java:43)
	at java.lang.reflect.Method.invoke(Method.java:606)
	at org.testng.internal.MethodInvocationHelper.invokeMethod(MethodInvocationHelper.java:84)
	at org.testng.internal.Invoker.invokeConfigurationMethod(Invoker.java:564)
	at org.testng.internal.Invoker.invokeConfigurations(Invoker.java:213)
	at org.testng.internal.Invoker.invokeConfigurations(Invoker.java:138)
	at org.testng.internal.TestMethodWorker.invokeAfterClassMethods(TestMethodWorker.java:225)
	at org.testng.internal.TestMethodWorker.run(TestMethodWorker.java:114)
	at org.testng.TestRunner.privateRun(TestRunner.java:767)
	at org.testng.TestRunner.run(TestRunner.java:617)
	at org.testng.SuiteRunner.runTest(SuiteRunner.java:334)
	at org.testng.SuiteRunner.access$000(SuiteRunner.java:37)
	at org.testng.SuiteRunner$SuiteWorker.run(SuiteRunner.java:368)
	at org.testng.internal.thread.ThreadUtil$2.call(ThreadUtil.java:64)
	at java.util.concurrent.FutureTask$Sync.innerRun(FutureTask.java:334)
	at java.util.concurrent.FutureTask.run(FutureTask.java:166)
	at java.util.concurrent.ThreadPoolExecutor.runWorker(ThreadPoolExecutor.java:1145)
	at java.util.concurrent.ThreadPoolExecutor$Worker.run(ThreadPoolExecutor.java:615)
	at java.lang.Thread.run(Thread.java:724)
Caused by: org.openqa.selenium.remote.UnreachableBrowserException: Error communicating with the remote browser. It may have died.
Build info: version: &apos;2.35.0&apos;, revision: &apos;c916b9d&apos;, time: &apos;2013-08-12 15:42:01&apos;
System info: os.name: &apos;Windows 7&apos;, os.arch: &apos;amd64&apos;, os.version: &apos;6.1&apos;, java.version: &apos;1.7.0_25&apos;
Driver info: driver.version: EventFiringWebDriver
Build info: version: &apos;2.35.0&apos;, revision: &apos;8df0c6b&apos;, time: &apos;2013-08-12 15:43:19&apos;
System info: os.name: &apos;Windows 7&apos;, os.arch: &apos;amd64&apos;, os.version: &apos;6.1&apos;, java.version: &apos;1.7.0_25&apos;
Driver info: driver.version: EventFiringWebDriver
	at org.openqa.selenium.remote.RemoteWebDriver.execute(RemoteWebDriver.java:548)
	at org.openqa.selenium.remote.RemoteWebDriver.execute(RemoteWebDriver.java:569)
	at org.openqa.selenium.remote.RemoteWebDriver.quit(RemoteWebDriver.java:423)
	at sun.reflect.NativeMethodAccessorImpl.invoke0(Native Method)
	at sun.reflect.NativeMethodAccessorImpl.invoke(NativeMethodAccessorImpl.java:57)
	at sun.reflect.DelegatingMethodAccessorImpl.invoke(DelegatingMethodAccessorImpl.java:43)
	at java.lang.reflect.Method.invoke(Method.java:606)
	at org.openqa.selenium.support.events.EventFiringWebDriver$2.invoke(EventFiringWebDriver.java:101)
	at com.sun.proxy.$Proxy1.quit(Unknown Source)
	at org.openqa.selenium.support.events.EventFiringWebDriver.quit(EventFiringWebDriver.java:194)
	at org.openqa.selenium.remote.server.handler.DeleteSession.call(DeleteSession.java:49)
	at org.openqa.selenium.remote.server.handler.DeleteSession.call(DeleteSession.java:1)
	at java.util.concurrent.FutureTask$Sync.innerRun(FutureTask.java:334)
	at java.util.concurrent.FutureTask.run(FutureTask.java:166)
	at org.openqa.selenium.remote.server.DefaultSession$1.run(DefaultSession.java:169)
	... 3 more
</pre></div></td>
<td>0</td>
<td>com.wwt.scm.TestNG_SearchFilterDriver@2c39f3bb</td></tr>
</table><p>
<table width='100%' border='1' class='invocation-failed'>
<tr><td colspan='4' align='center'><b>FAILED TESTS</b></td></tr>
<tr><td><b>Test method</b></td>
<td width="30%"><b>Exception</b></td>
<td width="10%"><b>Time (seconds)</b></td>
<td><b>Instance</b></td>
</tr>
<tr>
<td title='com.wwt.scm.TestNG_SearchFilterDriver.LineAndDetailDisplay_1_11()'><b>LineAndDetailDisplay_1_11</b><br>Test class: com.wwt.scm.TestNG_SearchFilterDriver<br>Parameters: Contract #</td>
<td><div><pre>java.lang.Exception: expected [true] but found [false]
	at com.wwt.scm.TestNG_SearchFilterDriver.LineAndDetailDisplay_1_11(TestNG_SearchFilterDriver.java:2252)
	at java.util.concurrent.FutureTask$Sync.innerRun(FutureTask.java:334)
	at java.util.concurrent.FutureTask.run(FutureTask.java:166)
	at java.util.concurrent.ThreadPoolExecutor.runWorker(ThreadPoolExecutor.java:1145)
	at java.util.concurrent.ThreadPoolExecutor$Worker.run(ThreadPoolExecutor.java:615)
	at java.lang.Thread.run(Thread.java:724)
... Removed 16 stack frames</pre></div><a href='#' onClick='toggleBox("stack-trace2113217387", this, "Click to show all stack frames", "Click to hide stack frames")'>Click to show all stack frames</a>
<div class='stack-trace' id='stack-trace2113217387'><pre>java.lang.Exception: expected [true] but found [false]
	at com.wwt.scm.TestNG_SearchFilterDriver.LineAndDetailDisplay_1_11(TestNG_SearchFilterDriver.java:2252)
	at sun.reflect.NativeMethodAccessorImpl.invoke0(Native Method)
	at sun.reflect.NativeMethodAccessorImpl.invoke(NativeMethodAccessorImpl.java:57)
	at sun.reflect.DelegatingMethodAccessorImpl.invoke(DelegatingMethodAccessorImpl.java:43)
	at java.lang.reflect.Method.invoke(Method.java:606)
	at org.testng.internal.MethodInvocationHelper.invokeMethod(MethodInvocationHelper.java:84)
	at org.testng.internal.Invoker.invokeMethod(Invoker.java:714)
	at org.testng.internal.Invoker.invokeTestMethod(Invoker.java:901)
	at org.testng.internal.Invoker.invokeTestMethods(Invoker.java:1231)
	at org.testng.internal.TestMethodWorker.invokeTestMethods(TestMethodWorker.java:127)
	at org.testng.internal.TestMethodWorker.run(TestMethodWorker.java:111)
	at org.testng.TestRunner.privateRun(TestRunner.java:767)
	at org.testng.TestRunner.run(TestRunner.java:617)
	at org.testng.SuiteRunner.runTest(SuiteRunner.java:334)
	at org.testng.SuiteRunner.access$000(SuiteRunner.java:37)
	at org.testng.SuiteRunner$SuiteWorker.run(SuiteRunner.java:368)
	at org.testng.internal.thread.ThreadUtil$2.call(ThreadUtil.java:64)
	at java.util.concurrent.FutureTask$Sync.innerRun(FutureTask.java:334)
	at java.util.concurrent.FutureTask.run(FutureTask.java:166)
	at java.util.concurrent.ThreadPoolExecutor.runWorker(ThreadPoolExecutor.java:1145)
	at java.util.concurrent.ThreadPoolExecutor$Worker.run(ThreadPoolExecutor.java:615)
	at java.lang.Thread.run(Thread.java:724)
</pre></div></td>
<td>16</td>
<td>com.wwt.scm.TestNG_SearchFilterDriver@2c39f3bb</td></tr>
<tr>
<td title='com.wwt.scm.TestNG_SearchFilterDriver.LineAndDetailDisplay_1_13()'><b>LineAndDetailDisplay_1_13</b><br>Test class: com.wwt.scm.TestNG_SearchFilterDriver<br>Parameters: Contract #</td>
<td><div><pre>java.lang.Exception: Un-Freeze columns in output display, Ensure that the columns have un-frozen by scrolling expected [true] but found [false]
	at com.wwt.scm.TestNG_SearchFilterDriver.LineAndDetailDisplay_1_13(TestNG_SearchFilterDriver.java:2338)
	at java.util.concurrent.FutureTask$Sync.innerRun(FutureTask.java:334)
	at java.util.concurrent.FutureTask.run(FutureTask.java:166)
	at java.util.concurrent.ThreadPoolExecutor.runWorker(ThreadPoolExecutor.java:1145)
	at java.util.concurrent.ThreadPoolExecutor$Worker.run(ThreadPoolExecutor.java:615)
	at java.lang.Thread.run(Thread.java:724)
... Removed 16 stack frames</pre></div><a href='#' onClick='toggleBox("stack-trace1622295109", this, "Click to show all stack frames", "Click to hide stack frames")'>Click to show all stack frames</a>
<div class='stack-trace' id='stack-trace1622295109'><pre>java.lang.Exception: Un-Freeze columns in output display, Ensure that the columns have un-frozen by scrolling expected [true] but found [false]
	at com.wwt.scm.TestNG_SearchFilterDriver.LineAndDetailDisplay_1_13(TestNG_SearchFilterDriver.java:2338)
	at sun.reflect.NativeMethodAccessorImpl.invoke0(Native Method)
	at sun.reflect.NativeMethodAccessorImpl.invoke(NativeMethodAccessorImpl.java:57)
	at sun.reflect.DelegatingMethodAccessorImpl.invoke(DelegatingMethodAccessorImpl.java:43)
	at java.lang.reflect.Method.invoke(Method.java:606)
	at org.testng.internal.MethodInvocationHelper.invokeMethod(MethodInvocationHelper.java:84)
	at org.testng.internal.Invoker.invokeMethod(Invoker.java:714)
	at org.testng.internal.Invoker.invokeTestMethod(Invoker.java:901)
	at org.testng.internal.Invoker.invokeTestMethods(Invoker.java:1231)
	at org.testng.internal.TestMethodWorker.invokeTestMethods(TestMethodWorker.java:127)
	at org.testng.internal.TestMethodWorker.run(TestMethodWorker.java:111)
	at org.testng.TestRunner.privateRun(TestRunner.java:767)
	at org.testng.TestRunner.run(TestRunner.java:617)
	at org.testng.SuiteRunner.runTest(SuiteRunner.java:334)
	at org.testng.SuiteRunner.access$000(SuiteRunner.java:37)
	at org.testng.SuiteRunner$SuiteWorker.run(SuiteRunner.java:368)
	at org.testng.internal.thread.ThreadUtil$2.call(ThreadUtil.java:64)
	at java.util.concurrent.FutureTask$Sync.innerRun(FutureTask.java:334)
	at java.util.concurrent.FutureTask.run(FutureTask.java:166)
	at java.util.concurrent.ThreadPoolExecutor.runWorker(ThreadPoolExecutor.java:1145)
	at java.util.concurrent.ThreadPoolExecutor$Worker.run(ThreadPoolExecutor.java:615)
	at java.lang.Thread.run(Thread.java:724)
</pre></div></td>
<td>28</td>
<td>com.wwt.scm.TestNG_SearchFilterDriver@2c39f3bb</td></tr>
<tr>
<td title='com.wwt.scm.TestNG_SearchFilterDriver.LineAndDetailDisplay_1_14()'><b>LineAndDetailDisplay_1_14</b><br>Test class: com.wwt.scm.TestNG_SearchFilterDriver<br>Parameters: Contract #, 1001416, End Of Support, desc</td>
<td><div><pre>org.openqa.selenium.WebDriverException: Error communicating with the remote browser. It may have died.
Build info: version: &apos;2.35.0&apos;, revision: &apos;c916b9d&apos;, time: &apos;2013-08-12 15:42:01&apos;
System info: os.name: &apos;Windows 7&apos;, os.arch: &apos;amd64&apos;, os.version: &apos;6.1&apos;, java.version: &apos;1.7.0_25&apos;
Driver info: driver.version: EventFiringWebDriver
Command duration or timeout: 1.36 seconds
Build info: version: &apos;2.35.0&apos;, revision: &apos;8df0c6b&apos;, time: &apos;2013-08-12 15:43:19&apos;
System info: os.name: &apos;Windows 7&apos;, os.arch: &apos;amd64&apos;, os.version: &apos;6.1&apos;, java.version: &apos;1.7.0_25&apos;
Session ID: 63677b75-28e8-4bbd-ae27-618d26c59fbc
Driver info: org.openqa.selenium.remote.RemoteWebDriver
Capabilities [{platform=XP, javascriptEnabled=true, acceptSslCerts=true, browserName=firefox, rotatable=false, locationContextEnabled=true, webdriver.remote.sessionid=63677b75-28e8-4bbd-ae27-618d26c59fbc, version=23.0.1, databaseEnabled=true, cssSelectorsEnabled=true, handlesAlerts=true, browserConnectionEnabled=true, nativeEvents=true, webStorageEnabled=true, applicationCacheEnabled=true, takesScreenshot=true}]
	at org.openqa.selenium.remote.ErrorHandler.createThrowable(ErrorHandler.java:191)
	at org.openqa.selenium.remote.ErrorHandler.throwIfResponseFailed(ErrorHandler.java:145)
	at org.openqa.selenium.remote.RemoteWebDriver.execute(RemoteWebDriver.java:554)
	at org.openqa.selenium.remote.RemoteWebDriver.execute(RemoteWebDriver.java:569)
	at org.openqa.selenium.remote.RemoteWebDriver.close(RemoteWebDriver.java:418)
	at com.wwt.scm.TestNG_SearchFilterDriver.LineAndDetailDisplay_1_14(TestNG_SearchFilterDriver.java:2381)
	at java.util.concurrent.FutureTask$Sync.innerRun(FutureTask.java:334)
	at java.util.concurrent.FutureTask.run(FutureTask.java:166)
	at java.util.concurrent.ThreadPoolExecutor.runWorker(ThreadPoolExecutor.java:1145)
	at java.util.concurrent.ThreadPoolExecutor$Worker.run(ThreadPoolExecutor.java:615)
	at java.lang.Thread.run(Thread.java:724)
Caused by: org.openqa.selenium.remote.UnreachableBrowserException: Error communicating with the remote browser. It may have died.
Build info: version: &apos;2.35.0&apos;, revision: &apos;c916b9d&apos;, time: &apos;2013-08-12 15:42:01&apos;
System info: os.name: &apos;Windows 7&apos;, os.arch: &apos;amd64&apos;, os.version: &apos;6.1&apos;, java.version: &apos;1.7.0_25&apos;
Driver info: driver.version: EventFiringWebDriver
Build info: version: &apos;2.35.0&apos;, revision: &apos;8df0c6b&apos;, time: &apos;2013-08-12 15:43:19&apos;
System info: os.name: &apos;Windows 7&apos;, os.arch: &apos;amd64&apos;, os.version: &apos;6.1&apos;, java.version: &apos;1.7.0_25&apos;
Driver info: driver.version: EventFiringWebDriver
	at org.openqa.selenium.remote.RemoteWebDriver.execute(RemoteWebDriver.java:548)
	at org.openqa.selenium.remote.RemoteWebDriver.execute(RemoteWebDriver.java:569)
	at org.openqa.selenium.remote.RemoteWebDriver.close(RemoteWebDriver.java:418)
	at org.openqa.selenium.support.events.EventFiringWebDriver$2.invoke(EventFiringWebDriver.java:101)
	at com.sun.proxy.$Proxy1.close(Unknown Source)
	at org.openqa.selenium.support.events.EventFiringWebDriver.close(EventFiringWebDriver.java:190)
	at org.openqa.selenium.remote.server.handler.CloseWindow.call(CloseWindow.java:32)
	at org.openqa.selenium.remote.server.handler.CloseWindow.call(CloseWindow.java:1)
	at java.util.concurrent.FutureTask$Sync.innerRun(FutureTask.java:334)
	at java.util.concurrent.FutureTask.run(FutureTask.java:166)
	at org.openqa.selenium.remote.server.DefaultSession$1.run(DefaultSession.java:169)
	... 3 more
... Removed 24 stack frames</pre></div><a href='#' onClick='toggleBox("stack-trace459430445", this, "Click to show all stack frames", "Click to hide stack frames")'>Click to show all stack frames</a>
<div class='stack-trace' id='stack-trace459430445'><pre>org.openqa.selenium.WebDriverException: Error communicating with the remote browser. It may have died.
Build info: version: &apos;2.35.0&apos;, revision: &apos;c916b9d&apos;, time: &apos;2013-08-12 15:42:01&apos;
System info: os.name: &apos;Windows 7&apos;, os.arch: &apos;amd64&apos;, os.version: &apos;6.1&apos;, java.version: &apos;1.7.0_25&apos;
Driver info: driver.version: EventFiringWebDriver
Command duration or timeout: 1.36 seconds
Build info: version: &apos;2.35.0&apos;, revision: &apos;8df0c6b&apos;, time: &apos;2013-08-12 15:43:19&apos;
System info: os.name: &apos;Windows 7&apos;, os.arch: &apos;amd64&apos;, os.version: &apos;6.1&apos;, java.version: &apos;1.7.0_25&apos;
Session ID: 63677b75-28e8-4bbd-ae27-618d26c59fbc
Driver info: org.openqa.selenium.remote.RemoteWebDriver
Capabilities [{platform=XP, javascriptEnabled=true, acceptSslCerts=true, browserName=firefox, rotatable=false, locationContextEnabled=true, webdriver.remote.sessionid=63677b75-28e8-4bbd-ae27-618d26c59fbc, version=23.0.1, databaseEnabled=true, cssSelectorsEnabled=true, handlesAlerts=true, browserConnectionEnabled=true, nativeEvents=true, webStorageEnabled=true, applicationCacheEnabled=true, takesScreenshot=true}]
	at sun.reflect.NativeConstructorAccessorImpl.newInstance0(Native Method)
	at sun.reflect.NativeConstructorAccessorImpl.newInstance(NativeConstructorAccessorImpl.java:57)
	at sun.reflect.DelegatingConstructorAccessorImpl.newInstance(DelegatingConstructorAccessorImpl.java:45)
	at java.lang.reflect.Constructor.newInstance(Constructor.java:526)
	at org.openqa.selenium.remote.ErrorHandler.createThrowable(ErrorHandler.java:191)
	at org.openqa.selenium.remote.ErrorHandler.throwIfResponseFailed(ErrorHandler.java:145)
	at org.openqa.selenium.remote.RemoteWebDriver.execute(RemoteWebDriver.java:554)
	at org.openqa.selenium.remote.RemoteWebDriver.execute(RemoteWebDriver.java:569)
	at org.openqa.selenium.remote.RemoteWebDriver.close(RemoteWebDriver.java:418)
	at com.wwt.scm.TestNG_SearchFilterDriver.LineAndDetailDisplay_1_14(TestNG_SearchFilterDriver.java:2381)
	at sun.reflect.NativeMethodAccessorImpl.invoke0(Native Method)
	at sun.reflect.NativeMethodAccessorImpl.invoke(NativeMethodAccessorImpl.java:57)
	at sun.reflect.DelegatingMethodAccessorImpl.invoke(DelegatingMethodAccessorImpl.java:43)
	at java.lang.reflect.Method.invoke(Method.java:606)
	at org.testng.internal.MethodInvocationHelper.invokeMethod(MethodInvocationHelper.java:84)
	at org.testng.internal.Invoker.invokeMethod(Invoker.java:714)
	at org.testng.internal.Invoker.invokeTestMethod(Invoker.java:901)
	at org.testng.internal.Invoker.invokeTestMethods(Invoker.java:1231)
	at org.testng.internal.TestMethodWorker.invokeTestMethods(TestMethodWorker.java:127)
	at org.testng.internal.TestMethodWorker.run(TestMethodWorker.java:111)
	at org.testng.TestRunner.privateRun(TestRunner.java:767)
	at org.testng.TestRunner.run(TestRunner.java:617)
	at org.testng.SuiteRunner.runTest(SuiteRunner.java:334)
	at org.testng.SuiteRunner.access$000(SuiteRunner.java:37)
	at org.testng.SuiteRunner$SuiteWorker.run(SuiteRunner.java:368)
	at org.testng.internal.thread.ThreadUtil$2.call(ThreadUtil.java:64)
	at java.util.concurrent.FutureTask$Sync.innerRun(FutureTask.java:334)
	at java.util.concurrent.FutureTask.run(FutureTask.java:166)
	at java.util.concurrent.ThreadPoolExecutor.runWorker(ThreadPoolExecutor.java:1145)
	at java.util.concurrent.ThreadPoolExecutor$Worker.run(ThreadPoolExecutor.java:615)
	at java.lang.Thread.run(Thread.java:724)
Caused by: org.openqa.selenium.remote.UnreachableBrowserException: Error communicating with the remote browser. It may have died.
Build info: version: &apos;2.35.0&apos;, revision: &apos;c916b9d&apos;, time: &apos;2013-08-12 15:42:01&apos;
System info: os.name: &apos;Windows 7&apos;, os.arch: &apos;amd64&apos;, os.version: &apos;6.1&apos;, java.version: &apos;1.7.0_25&apos;
Driver info: driver.version: EventFiringWebDriver
Build info: version: &apos;2.35.0&apos;, revision: &apos;8df0c6b&apos;, time: &apos;2013-08-12 15:43:19&apos;
System info: os.name: &apos;Windows 7&apos;, os.arch: &apos;amd64&apos;, os.version: &apos;6.1&apos;, java.version: &apos;1.7.0_25&apos;
Driver info: driver.version: EventFiringWebDriver
	at org.openqa.selenium.remote.RemoteWebDriver.execute(RemoteWebDriver.java:548)
	at org.openqa.selenium.remote.RemoteWebDriver.execute(RemoteWebDriver.java:569)
	at org.openqa.selenium.remote.RemoteWebDriver.close(RemoteWebDriver.java:418)
	at sun.reflect.NativeMethodAccessorImpl.invoke0(Native Method)
	at sun.reflect.NativeMethodAccessorImpl.invoke(NativeMethodAccessorImpl.java:57)
	at sun.reflect.DelegatingMethodAccessorImpl.invoke(DelegatingMethodAccessorImpl.java:43)
	at java.lang.reflect.Method.invoke(Method.java:606)
	at org.openqa.selenium.support.events.EventFiringWebDriver$2.invoke(EventFiringWebDriver.java:101)
	at com.sun.proxy.$Proxy1.close(Unknown Source)
	at org.openqa.selenium.support.events.EventFiringWebDriver.close(EventFiringWebDriver.java:190)
	at org.openqa.selenium.remote.server.handler.CloseWindow.call(CloseWindow.java:32)
	at org.openqa.selenium.remote.server.handler.CloseWindow.call(CloseWindow.java:1)
	at java.util.concurrent.FutureTask$Sync.innerRun(FutureTask.java:334)
	at java.util.concurrent.FutureTask.run(FutureTask.java:166)
	at org.openqa.selenium.remote.server.DefaultSession$1.run(DefaultSession.java:169)
	... 3 more
</pre></div></td>
<td>17</td>
<td>com.wwt.scm.TestNG_SearchFilterDriver@2c39f3bb</td></tr>
<tr>
<td title='com.wwt.scm.TestNG_SearchFilterDriver.SearchAndFilter_22_1()'><b>SearchAndFilter_22_1</b><br>Test class: com.wwt.scm.TestNG_SearchFilterDriver<br>Parameters: Contract #, 1001416, End Date, asc</td>
<td><div><pre>java.lang.Exception: Element not found in the cache - perhaps the page has changed since it was looked up
Command duration or timeout: 120.05 seconds
For documentation on this error, please visit: http://seleniumhq.org/exceptions/stale_element_reference.html
Build info: version: &apos;2.35.0&apos;, revision: &apos;c916b9d&apos;, time: &apos;2013-08-12 15:42:01&apos;
System info: os.name: &apos;Windows 7&apos;, os.arch: &apos;amd64&apos;, os.version: &apos;6.1&apos;, java.version: &apos;1.7.0_25&apos;
Session ID: a2c893f9-e5bc-4033-9b4f-00be5ddd20c0
Driver info: org.openqa.selenium.firefox.FirefoxDriver
Capabilities [{platform=XP, databaseEnabled=true, cssSelectorsEnabled=true, javascriptEnabled=true, acceptSslCerts=true, handlesAlerts=true, browserName=firefox, browserConnectionEnabled=true, nativeEvents=true, webStorageEnabled=true, rotatable=false, locationContextEnabled=true, applicationCacheEnabled=true, takesScreenshot=true, version=23.0.1}]
Command duration or timeout: 120.43 seconds
For documentation on this error, please visit: http://seleniumhq.org/exceptions/stale_element_reference.html
Build info: version: &apos;2.35.0&apos;, revision: &apos;8df0c6b&apos;, time: &apos;2013-08-12 15:43:19&apos;
System info: os.name: &apos;Windows 7&apos;, os.arch: &apos;amd64&apos;, os.version: &apos;6.1&apos;, java.version: &apos;1.7.0_25&apos;
Session ID: b71decba-6ee5-4262-be50-32bb7215901a
Driver info: org.openqa.selenium.remote.RemoteWebDriver
Capabilities [{platform=XP, javascriptEnabled=true, acceptSslCerts=true, browserName=firefox, rotatable=false, locationContextEnabled=true, webdriver.remote.sessionid=b71decba-6ee5-4262-be50-32bb7215901a, version=23.0.1, databaseEnabled=true, cssSelectorsEnabled=true, handlesAlerts=true, browserConnectionEnabled=true, nativeEvents=true, webStorageEnabled=true, applicationCacheEnabled=true, takesScreenshot=true}]
	at com.wwt.scm.TestNG_SearchFilterDriver.SearchAndFilter_22_1(TestNG_SearchFilterDriver.java:2074)
	at java.util.concurrent.FutureTask$Sync.innerRun(FutureTask.java:334)
	at java.util.concurrent.FutureTask.run(FutureTask.java:166)
	at java.util.concurrent.ThreadPoolExecutor.runWorker(ThreadPoolExecutor.java:1145)
	at java.util.concurrent.ThreadPoolExecutor$Worker.run(ThreadPoolExecutor.java:615)
	at java.lang.Thread.run(Thread.java:724)
... Removed 16 stack frames</pre></div><a href='#' onClick='toggleBox("stack-trace678426242", this, "Click to show all stack frames", "Click to hide stack frames")'>Click to show all stack frames</a>
<div class='stack-trace' id='stack-trace678426242'><pre>java.lang.Exception: Element not found in the cache - perhaps the page has changed since it was looked up
Command duration or timeout: 120.05 seconds
For documentation on this error, please visit: http://seleniumhq.org/exceptions/stale_element_reference.html
Build info: version: &apos;2.35.0&apos;, revision: &apos;c916b9d&apos;, time: &apos;2013-08-12 15:42:01&apos;
System info: os.name: &apos;Windows 7&apos;, os.arch: &apos;amd64&apos;, os.version: &apos;6.1&apos;, java.version: &apos;1.7.0_25&apos;
Session ID: a2c893f9-e5bc-4033-9b4f-00be5ddd20c0
Driver info: org.openqa.selenium.firefox.FirefoxDriver
Capabilities [{platform=XP, databaseEnabled=true, cssSelectorsEnabled=true, javascriptEnabled=true, acceptSslCerts=true, handlesAlerts=true, browserName=firefox, browserConnectionEnabled=true, nativeEvents=true, webStorageEnabled=true, rotatable=false, locationContextEnabled=true, applicationCacheEnabled=true, takesScreenshot=true, version=23.0.1}]
Command duration or timeout: 120.43 seconds
For documentation on this error, please visit: http://seleniumhq.org/exceptions/stale_element_reference.html
Build info: version: &apos;2.35.0&apos;, revision: &apos;8df0c6b&apos;, time: &apos;2013-08-12 15:43:19&apos;
System info: os.name: &apos;Windows 7&apos;, os.arch: &apos;amd64&apos;, os.version: &apos;6.1&apos;, java.version: &apos;1.7.0_25&apos;
Session ID: b71decba-6ee5-4262-be50-32bb7215901a
Driver info: org.openqa.selenium.remote.RemoteWebDriver
Capabilities [{platform=XP, javascriptEnabled=true, acceptSslCerts=true, browserName=firefox, rotatable=false, locationContextEnabled=true, webdriver.remote.sessionid=b71decba-6ee5-4262-be50-32bb7215901a, version=23.0.1, databaseEnabled=true, cssSelectorsEnabled=true, handlesAlerts=true, browserConnectionEnabled=true, nativeEvents=true, webStorageEnabled=true, applicationCacheEnabled=true, takesScreenshot=true}]
	at com.wwt.scm.TestNG_SearchFilterDriver.SearchAndFilter_22_1(TestNG_SearchFilterDriver.java:2074)
	at sun.reflect.NativeMethodAccessorImpl.invoke0(Native Method)
	at sun.reflect.NativeMethodAccessorImpl.invoke(NativeMethodAccessorImpl.java:57)
	at sun.reflect.DelegatingMethodAccessorImpl.invoke(DelegatingMethodAccessorImpl.java:43)
	at java.lang.reflect.Method.invoke(Method.java:606)
	at org.testng.internal.MethodInvocationHelper.invokeMethod(MethodInvocationHelper.java:84)
	at org.testng.internal.Invoker.invokeMethod(Invoker.java:714)
	at org.testng.internal.Invoker.invokeTestMethod(Invoker.java:901)
	at org.testng.internal.Invoker.invokeTestMethods(Invoker.java:1231)
	at org.testng.internal.TestMethodWorker.invokeTestMethods(TestMethodWorker.java:127)
	at org.testng.internal.TestMethodWorker.run(TestMethodWorker.java:111)
	at org.testng.TestRunner.privateRun(TestRunner.java:767)
	at org.testng.TestRunner.run(TestRunner.java:617)
	at org.testng.SuiteRunner.runTest(SuiteRunner.java:334)
	at org.testng.SuiteRunner.access$000(SuiteRunner.java:37)
	at org.testng.SuiteRunner$SuiteWorker.run(SuiteRunner.java:368)
	at org.testng.internal.thread.ThreadUtil$2.call(ThreadUtil.java:64)
	at java.util.concurrent.FutureTask$Sync.innerRun(FutureTask.java:334)
	at java.util.concurrent.FutureTask.run(FutureTask.java:166)
	at java.util.concurrent.ThreadPoolExecutor.runWorker(ThreadPoolExecutor.java:1145)
	at java.util.concurrent.ThreadPoolExecutor$Worker.run(ThreadPoolExecutor.java:615)
	at java.lang.Thread.run(Thread.java:724)
</pre></div></td>
<td>153</td>
<td>com.wwt.scm.TestNG_SearchFilterDriver@2c39f3bb</td></tr>
</table><p>
<table width='100%' border='1' class='invocation-passed'>
<tr><td colspan='4' align='center'><b>PASSED TESTS</b></td></tr>
<tr><td><b>Test method</b></td>
<td width="30%"><b>Exception</b></td>
<td width="10%"><b>Time (seconds)</b></td>
<td><b>Instance</b></td>
</tr>
<tr>
<td title='com.wwt.scm.TestNG_SearchFilterDriver.LineAndDetailDisplay_1_10()'><b>LineAndDetailDisplay_1_10</b><br>Test class: com.wwt.scm.TestNG_SearchFilterDriver<br>Parameters: Contract #, 1001416, Contract #</td>
<td></td>
<td>36</td>
<td>com.wwt.scm.TestNG_SearchFilterDriver@2c39f3bb</td></tr>
<tr>
<td title='com.wwt.scm.TestNG_SearchFilterDriver.LineAndDetailDisplay_1_12()'><b>LineAndDetailDisplay_1_12</b><br>Test class: com.wwt.scm.TestNG_SearchFilterDriver<br>Parameters: Contract #, 1001416, Maintenance PO #</td>
<td></td>
<td>59</td>
<td>com.wwt.scm.TestNG_SearchFilterDriver@2c39f3bb</td></tr>
<tr>
<td title='com.wwt.scm.TestNG_SearchFilterDriver.SearchAndFilter_20_0()'><b>SearchAndFilter_20_0</b><br>Test class: com.wwt.scm.TestNG_SearchFilterDriver<br>Parameters: Contract #, 1001416</td>
<td></td>
<td>26</td>
<td>com.wwt.scm.TestNG_SearchFilterDriver@2c39f3bb</td></tr>
<tr>
<td title='com.wwt.scm.TestNG_SearchFilterDriver.SearchAndFilter_20_21()'><b>SearchAndFilter_20_21</b><br>Test class: com.wwt.scm.TestNG_SearchFilterDriver<br>Parameters: Contract #, 1001416, 777777</td>
<td></td>
<td>29</td>
<td>com.wwt.scm.TestNG_SearchFilterDriver@2c39f3bb</td></tr>
<tr>
<td title='com.wwt.scm.TestNG_SearchFilterDriver.SearchAndFilter_21_0()'><b>SearchAndFilter_21_0</b><br>Test class: com.wwt.scm.TestNG_SearchFilterDriver<br>Parameters: Contract #, 100141612351</td>
<td></td>
<td>22</td>
<td>com.wwt.scm.TestNG_SearchFilterDriver@2c39f3bb</td></tr>
<tr>
<td title='com.wwt.scm.TestNG_SearchFilterDriver.SearchAndFilter_22_0()'><b>SearchAndFilter_22_0</b><br>Test class: com.wwt.scm.TestNG_SearchFilterDriver<br>Parameters: Contract #, 1001416, End Date, desc</td>
<td></td>
<td>46</td>
<td>com.wwt.scm.TestNG_SearchFilterDriver@2c39f3bb</td></tr>
<tr>
<td title='com.wwt.scm.TestNG_SearchFilterDriver.SearchAndFilter_22_2()'><b>SearchAndFilter_22_2</b><br>Test class: com.wwt.scm.TestNG_SearchFilterDriver<br>Parameters: Contract #, 1001416, Serial Number, desc</td>
<td></td>
<td>67</td>
<td>com.wwt.scm.TestNG_SearchFilterDriver@2c39f3bb</td></tr>
<tr>
<td title='com.wwt.scm.TestNG_SearchFilterDriver.SearchAndFilter_22_3()'><b>SearchAndFilter_22_3</b><br>Test class: com.wwt.scm.TestNG_SearchFilterDriver<br>Parameters: Contract #, 1001416, Serial Number, asc</td>
<td></td>
<td>34</td>
<td>com.wwt.scm.TestNG_SearchFilterDriver@2c39f3bb</td></tr>
<tr>
<td title='com.wwt.scm.TestNG_SearchFilterDriver.SearchAndFilter_2_0()'><b>SearchAndFilter_2_0</b><br>Test class: com.wwt.scm.TestNG_SearchFilterDriver<br>Parameters: All, 1001416</td>
<td></td>
<td>50</td>
<td>com.wwt.scm.TestNG_SearchFilterDriver@2c39f3bb</td></tr>
<tr>
<td title='com.wwt.scm.TestNG_SearchFilterDriver.SearchAndFilter_2_1()'><b>SearchAndFilter_2_1</b><br>Test class: com.wwt.scm.TestNG_SearchFilterDriver<br>Parameters: Contract #, 1001416, Jack Henry - Corporate</td>
<td></td>
<td>38</td>
<td>com.wwt.scm.TestNG_SearchFilterDriver@2c39f3bb</td></tr>
<tr>
<td title='com.wwt.scm.TestNG_SearchFilterDriver.SearchAndFilter_2_2()'><b>SearchAndFilter_2_2</b><br>Test class: com.wwt.scm.TestNG_SearchFilterDriver<br>Parameters: 1001416, Jack Henry - Corporate</td>
<td></td>
<td>21</td>
<td>com.wwt.scm.TestNG_SearchFilterDriver@2c39f3bb</td></tr>
<tr>
<td title='com.wwt.scm.TestNG_SearchFilterDriver.SearchAndFilter_2_3()'><b>SearchAndFilter_2_3</b><br>Test class: com.wwt.scm.TestNG_SearchFilterDriver<br>Parameters: 1001416, 1043131, 0.0, Contract #</td>
<td></td>
<td>46</td>
<td>com.wwt.scm.TestNG_SearchFilterDriver@2c39f3bb</td></tr>
<tr>
<td title='com.wwt.scm.TestNG_SearchFilterDriver.SearchAndFilter_3_0()'><b>SearchAndFilter_3_0</b><br>Test class: com.wwt.scm.TestNG_SearchFilterDriver<br>Parameters: Contract #, 1001416</td>
<td></td>
<td>37</td>
<td>com.wwt.scm.TestNG_SearchFilterDriver@2c39f3bb</td></tr>
<tr>
<td title='com.wwt.scm.TestNG_SearchFilterDriver.SearchAndFilter_3_1()'><b>SearchAndFilter_3_1</b><br>Test class: com.wwt.scm.TestNG_SearchFilterDriver<br>Parameters: Contract #, 1001416, Jack Henry - Corporate</td>
<td></td>
<td>42</td>
<td>com.wwt.scm.TestNG_SearchFilterDriver@2c39f3bb</td></tr>
<tr>
<td title='com.wwt.scm.TestNG_SearchFilterDriver.SearchAndFilter_3_2()'><b>SearchAndFilter_3_2</b><br>Test class: com.wwt.scm.TestNG_SearchFilterDriver<br>Parameters: Contract #, 1001416, Jack Henry - Corporate</td>
<td></td>
<td>32</td>
<td>com.wwt.scm.TestNG_SearchFilterDriver@2c39f3bb</td></tr>
<tr>
<td title='com.wwt.scm.TestNG_SearchFilterDriver.SearchAndFilter_3_3()'><b>SearchAndFilter_3_3</b><br>Test class: com.wwt.scm.TestNG_SearchFilterDriver<br>Parameters: Contract #, 1001416, 1043131, 123456</td>
<td></td>
<td>49</td>
<td>com.wwt.scm.TestNG_SearchFilterDriver@2c39f3bb</td></tr>
<tr>
<td title='com.wwt.scm.TestNG_SearchFilterDriver.SearchAndFilter_41_0_MultipleSearch()'><b>SearchAndFilter_41_0_MultipleSearch</b><br>Test class: com.wwt.scm.TestNG_SearchFilterDriver<br>Parameters: Instance #, 310414421, 310414829, 123456</td>
<td></td>
<td>158</td>
<td>com.wwt.scm.TestNG_SearchFilterDriver@2c39f3bb</td></tr>
<tr>
<td title='com.wwt.scm.TestNG_SearchFilterDriver.SearchAndFilter_41_0_SingleSearch()'><b>SearchAndFilter_41_0_SingleSearch</b><br>Test class: com.wwt.scm.TestNG_SearchFilterDriver<br>Parameters: Instance #, 310414421</td>
<td></td>
<td>32</td>
<td>com.wwt.scm.TestNG_SearchFilterDriver@2c39f3bb</td></tr>
<tr>
<td title='com.wwt.scm.TestNG_SearchFilterDriver.SearchAndFilter_41_1()'><b>SearchAndFilter_41_1</b><br>Test class: com.wwt.scm.TestNG_SearchFilterDriver<br>Parameters: Instance #, 310414421, Jack Henry - Corporate</td>
<td></td>
<td>41</td>
<td>com.wwt.scm.TestNG_SearchFilterDriver@2c39f3bb</td></tr>
<tr>
<td title='com.wwt.scm.TestNG_SearchFilterDriver.SearchAndFilter_41_2()'><b>SearchAndFilter_41_2</b><br>Test class: com.wwt.scm.TestNG_SearchFilterDriver<br>Parameters: Instance #, 310414421, Jack Henry - Corporate</td>
<td></td>
<td>23</td>
<td>com.wwt.scm.TestNG_SearchFilterDriver@2c39f3bb</td></tr>
<tr>
<td title='com.wwt.scm.TestNG_SearchFilterDriver.SearchAndFilter_42_0_MultipleSearch()'><b>SearchAndFilter_42_0_MultipleSearch</b><br>Test class: com.wwt.scm.TestNG_SearchFilterDriver<br>Parameters: Maintenance PO #, 2325334, 2323871, </td>
<td></td>
<td>49</td>
<td>com.wwt.scm.TestNG_SearchFilterDriver@2c39f3bb</td></tr>
<tr>
<td title='com.wwt.scm.TestNG_SearchFilterDriver.SearchAndFilter_42_0_SingleSearch()'><b>SearchAndFilter_42_0_SingleSearch</b><br>Test class: com.wwt.scm.TestNG_SearchFilterDriver<br>Parameters: Maintenance PO #, 2325334</td>
<td></td>
<td>33</td>
<td>com.wwt.scm.TestNG_SearchFilterDriver@2c39f3bb</td></tr>
<tr>
<td title='com.wwt.scm.TestNG_SearchFilterDriver.SearchAndFilter_42_1()'><b>SearchAndFilter_42_1</b><br>Test class: com.wwt.scm.TestNG_SearchFilterDriver<br>Parameters: Maintenance PO #, 2325334, University of Arizona</td>
<td></td>
<td>53</td>
<td>com.wwt.scm.TestNG_SearchFilterDriver@2c39f3bb</td></tr>
<tr>
<td title='com.wwt.scm.TestNG_SearchFilterDriver.SearchAndFilter_42_2()'><b>SearchAndFilter_42_2</b><br>Test class: com.wwt.scm.TestNG_SearchFilterDriver<br>Parameters: Maintenance PO #, 2325334, University of Arizona</td>
<td></td>
<td>25</td>
<td>com.wwt.scm.TestNG_SearchFilterDriver@2c39f3bb</td></tr>
<tr>
<td title='com.wwt.scm.TestNG_SearchFilterDriver.SearchAndFilter_4_0_MultipleSearch()'><b>SearchAndFilter_4_0_MultipleSearch</b><br>Test class: com.wwt.scm.TestNG_SearchFilterDriver<br>Parameters: Customer PO #, 2400151001, 81378, 123456</td>
<td></td>
<td>59</td>
<td>com.wwt.scm.TestNG_SearchFilterDriver@2c39f3bb</td></tr>
<tr>
<td title='com.wwt.scm.TestNG_SearchFilterDriver.SearchAndFilter_4_0_SingleSearch()'><b>SearchAndFilter_4_0_SingleSearch</b><br>Test class: com.wwt.scm.TestNG_SearchFilterDriver<br>Parameters: Customer PO #, 2400151001</td>
<td></td>
<td>154</td>
<td>com.wwt.scm.TestNG_SearchFilterDriver@2c39f3bb</td></tr>
<tr>
<td title='com.wwt.scm.TestNG_SearchFilterDriver.SearchAndFilter_4_1()'><b>SearchAndFilter_4_1</b><br>Test class: com.wwt.scm.TestNG_SearchFilterDriver<br>Parameters: Customer PO #, 2400151001, Jack Henry - Corporate</td>
<td></td>
<td>63</td>
<td>com.wwt.scm.TestNG_SearchFilterDriver@2c39f3bb</td></tr>
<tr>
<td title='com.wwt.scm.TestNG_SearchFilterDriver.SearchAndFilter_4_2()'><b>SearchAndFilter_4_2</b><br>Test class: com.wwt.scm.TestNG_SearchFilterDriver<br>Parameters: Customer PO #, 2400151001, Jack Henry - Corporate</td>
<td></td>
<td>30</td>
<td>com.wwt.scm.TestNG_SearchFilterDriver@2c39f3bb</td></tr>
<tr>
<td title='com.wwt.scm.TestNG_SearchFilterDriver.SearchAndFilter_5_0_MultipleSearch()'><b>SearchAndFilter_5_0_MultipleSearch</b><br>Test class: com.wwt.scm.TestNG_SearchFilterDriver<br>Parameters: Part #, C2901-VSEC/K9, MNOP, ABCD</td>
<td></td>
<td>50</td>
<td>com.wwt.scm.TestNG_SearchFilterDriver@2c39f3bb</td></tr>
<tr>
<td title='com.wwt.scm.TestNG_SearchFilterDriver.SearchAndFilter_5_0_SingleSearch()'><b>SearchAndFilter_5_0_SingleSearch</b><br>Test class: com.wwt.scm.TestNG_SearchFilterDriver<br>Parameters: Part #, C2901-VSEC/K9</td>
<td></td>
<td>38</td>
<td>com.wwt.scm.TestNG_SearchFilterDriver@2c39f3bb</td></tr>
<tr>
<td title='com.wwt.scm.TestNG_SearchFilterDriver.SearchAndFilter_5_1()'><b>SearchAndFilter_5_1</b><br>Test class: com.wwt.scm.TestNG_SearchFilterDriver<br>Parameters: Part #, C2901-VSEC/K9, Jack Henry - Matrix Group</td>
<td></td>
<td>57</td>
<td>com.wwt.scm.TestNG_SearchFilterDriver@2c39f3bb</td></tr>
<tr>
<td title='com.wwt.scm.TestNG_SearchFilterDriver.SearchAndFilter_5_2()'><b>SearchAndFilter_5_2</b><br>Test class: com.wwt.scm.TestNG_SearchFilterDriver<br>Parameters: Part #, C2901-VSEC/K9, Boeing</td>
<td></td>
<td>26</td>
<td>com.wwt.scm.TestNG_SearchFilterDriver@2c39f3bb</td></tr>
<tr>
<td title='com.wwt.scm.TestNG_SearchFilterDriver.SearchAndFilter_61_0_MultipleSearch()'><b>SearchAndFilter_61_0_MultipleSearch</b><br>Test class: com.wwt.scm.TestNG_SearchFilterDriver<br>Parameters: Product PO #, 2205916, 2205916, 123</td>
<td></td>
<td>38</td>
<td>com.wwt.scm.TestNG_SearchFilterDriver@2c39f3bb</td></tr>
<tr>
<td title='com.wwt.scm.TestNG_SearchFilterDriver.SearchAndFilter_61_0_SingleSearch()'><b>SearchAndFilter_61_0_SingleSearch</b><br>Test class: com.wwt.scm.TestNG_SearchFilterDriver<br>Parameters: Product PO #, 2205916</td>
<td></td>
<td>34</td>
<td>com.wwt.scm.TestNG_SearchFilterDriver@2c39f3bb</td></tr>
<tr>
<td title='com.wwt.scm.TestNG_SearchFilterDriver.SearchAndFilter_61_1()'><b>SearchAndFilter_61_1</b><br>Test class: com.wwt.scm.TestNG_SearchFilterDriver<br>Parameters: Product PO #, 2205916, University of Arizona</td>
<td></td>
<td>43</td>
<td>com.wwt.scm.TestNG_SearchFilterDriver@2c39f3bb</td></tr>
<tr>
<td title='com.wwt.scm.TestNG_SearchFilterDriver.SearchAndFilter_61_2()'><b>SearchAndFilter_61_2</b><br>Test class: com.wwt.scm.TestNG_SearchFilterDriver<br>Parameters: Product PO #, 2205916, University of Arizona</td>
<td></td>
<td>24</td>
<td>com.wwt.scm.TestNG_SearchFilterDriver@2c39f3bb</td></tr>
<tr>
<td title='com.wwt.scm.TestNG_SearchFilterDriver.SearchAndFilter_6_0_MultipleSearch()'><b>SearchAndFilter_6_0_MultipleSearch</b><br>Test class: com.wwt.scm.TestNG_SearchFilterDriver<br>Parameters: Part Label, 11n12-4-cir1, 158-101a-cir1, sea_asa2</td>
<td></td>
<td>36</td>
<td>com.wwt.scm.TestNG_SearchFilterDriver@2c39f3bb</td></tr>
<tr>
<td title='com.wwt.scm.TestNG_SearchFilterDriver.SearchAndFilter_6_0_SingleSearch()'><b>SearchAndFilter_6_0_SingleSearch</b><br>Test class: com.wwt.scm.TestNG_SearchFilterDriver<br>Parameters: Part Label, 11n12-4-cir1</td>
<td></td>
<td>32</td>
<td>com.wwt.scm.TestNG_SearchFilterDriver@2c39f3bb</td></tr>
<tr>
<td title='com.wwt.scm.TestNG_SearchFilterDriver.SearchAndFilter_6_1()'><b>SearchAndFilter_6_1</b><br>Test class: com.wwt.scm.TestNG_SearchFilterDriver<br>Parameters: Part Label, 11n12-4-cir1, University of Arizona</td>
<td></td>
<td>41</td>
<td>com.wwt.scm.TestNG_SearchFilterDriver@2c39f3bb</td></tr>
<tr>
<td title='com.wwt.scm.TestNG_SearchFilterDriver.SearchAndFilter_6_2()'><b>SearchAndFilter_6_2</b><br>Test class: com.wwt.scm.TestNG_SearchFilterDriver<br>Parameters: Part Label, 11n12-4-cir1, University of Arizona</td>
<td></td>
<td>23</td>
<td>com.wwt.scm.TestNG_SearchFilterDriver@2c39f3bb</td></tr>
<tr>
<td title='com.wwt.scm.TestNG_SearchFilterDriver.SearchAndFilter_7_0_MultipleSearch()'><b>SearchAndFilter_7_0_MultipleSearch</b><br>Test class: com.wwt.scm.TestNG_SearchFilterDriver<br>Parameters: Serial #, FTX16148623, FTX1446A0DY, ABCDEF</td>
<td></td>
<td>32</td>
<td>com.wwt.scm.TestNG_SearchFilterDriver@2c39f3bb</td></tr>
<tr>
<td title='com.wwt.scm.TestNG_SearchFilterDriver.SearchAndFilter_7_0_SingleSearch()'><b>SearchAndFilter_7_0_SingleSearch</b><br>Test class: com.wwt.scm.TestNG_SearchFilterDriver<br>Parameters: Serial #, FTX16148623</td>
<td></td>
<td>32</td>
<td>com.wwt.scm.TestNG_SearchFilterDriver@2c39f3bb</td></tr>
<tr>
<td title='com.wwt.scm.TestNG_SearchFilterDriver.SearchAndFilter_7_1()'><b>SearchAndFilter_7_1</b><br>Test class: com.wwt.scm.TestNG_SearchFilterDriver<br>Parameters: Serial #, FTX16148623, University of Arizona</td>
<td></td>
<td>41</td>
<td>com.wwt.scm.TestNG_SearchFilterDriver@2c39f3bb</td></tr>
<tr>
<td title='com.wwt.scm.TestNG_SearchFilterDriver.SearchAndFilter_7_2()'><b>SearchAndFilter_7_2</b><br>Test class: com.wwt.scm.TestNG_SearchFilterDriver<br>Parameters: Serial #, FTX16148623, University of Arizona</td>
<td></td>
<td>24</td>
<td>com.wwt.scm.TestNG_SearchFilterDriver@2c39f3bb</td></tr>
<tr>
<td title='com.wwt.scm.TestNG_SearchFilterDriver.SearchAndFilter_8_0_MultipleSearch()'><b>SearchAndFilter_8_0_MultipleSearch</b><br>Test class: com.wwt.scm.TestNG_SearchFilterDriver<br>Parameters: Site ID, 404282456, 404244563, 4042</td>
<td></td>
<td>49</td>
<td>com.wwt.scm.TestNG_SearchFilterDriver@2c39f3bb</td></tr>
<tr>
<td title='com.wwt.scm.TestNG_SearchFilterDriver.SearchAndFilter_8_0_SingleSearch()'><b>SearchAndFilter_8_0_SingleSearch</b><br>Test class: com.wwt.scm.TestNG_SearchFilterDriver<br>Parameters: Site ID, 404282456</td>
<td></td>
<td>156</td>
<td>com.wwt.scm.TestNG_SearchFilterDriver@2c39f3bb</td></tr>
<tr>
<td title='com.wwt.scm.TestNG_SearchFilterDriver.SearchAndFilter_8_1()'><b>SearchAndFilter_8_1</b><br>Test class: com.wwt.scm.TestNG_SearchFilterDriver<br>Parameters: Site ID, 404282456, University of Arizona</td>
<td></td>
<td>54</td>
<td>com.wwt.scm.TestNG_SearchFilterDriver@2c39f3bb</td></tr>
<tr>
<td title='com.wwt.scm.TestNG_SearchFilterDriver.SearchAndFilter_8_2()'><b>SearchAndFilter_8_2</b><br>Test class: com.wwt.scm.TestNG_SearchFilterDriver<br>Parameters: Site ID, 404282456, University of Arizona</td>
<td></td>
<td>146</td>
<td>com.wwt.scm.TestNG_SearchFilterDriver@2c39f3bb</td></tr>
</table><p>
</body>
</html>