<?xml version="1.0" encoding="UTF-8"?>
<!-- Generated by org.testng.reporters.JUnitXMLReporter -->
<testsuite hostname="ASI-INA94109YD" name="WWT SCM TestNG_SearchFilterDriver" tests="52" failures="4" timestamp="4 Oct 2013 11:11:12 GMT" time="2814.585" errors="0">
  <testcase name="@AfterClass afterTest" time="0.0" classname="com.wwt.scm.TestNG_SearchFilterDriver">
    <failure type="org.openqa.selenium.WebDriverException" message="Error communicating with the remote browser. It may have died.
Build info: version: &amp;apos;2.35.0&amp;apos;, revision: &amp;apos;c916b9d&amp;apos;, time: &amp;apos;2013-08-12 15:42:01&amp;apos;
System info: os.name: &amp;apos;Windows 7&amp;apos;, os.arch: &amp;apos;amd64&amp;apos;, os.version: &amp;apos;6.1&amp;apos;, java.version: &amp;apos;1.7.0_25&amp;apos;
Driver info: driver.version: EventFiringWebDriver
Command duration or timeout: 1.53 seconds
Build info: version: &amp;apos;2.35.0&amp;apos;, revision: &amp;apos;8df0c6b&amp;apos;, time: &amp;apos;2013-08-12 15:43:19&amp;apos;
System info: os.name: &amp;apos;Windows 7&amp;apos;, os.arch: &amp;apos;amd64&amp;apos;, os.version: &amp;apos;6.1&amp;apos;, java.version: &amp;apos;1.7.0_25&amp;apos;
Session ID: 63677b75-28e8-4bbd-ae27-618d26c59fbc
Driver info: org.openqa.selenium.remote.RemoteWebDriver
Capabilities [{platform=XP, javascriptEnabled=true, acceptSslCerts=true, browserName=firefox, rotatable=false, locationContextEnabled=true, webdriver.remote.sessionid=63677b75-28e8-4bbd-ae27-618d26c59fbc, version=23.0.1, databaseEnabled=true, cssSelectorsEnabled=true, handlesAlerts=true, browserConnectionEnabled=true, nativeEvents=true, webStorageEnabled=true, applicationCacheEnabled=true, takesScreenshot=true}]">
      <![CDATA[org.openqa.selenium.WebDriverException: Error communicating with the remote browser. It may have died.
Build info: version: '2.35.0', revision: 'c916b9d', time: '2013-08-12 15:42:01'
System info: os.name: 'Windows 7', os.arch: 'amd64', os.version: '6.1', java.version: '1.7.0_25'
Driver info: driver.version: EventFiringWebDriver
Command duration or timeout: 1.53 seconds
Build info: version: '2.35.0', revision: '8df0c6b', time: '2013-08-12 15:43:19'
System info: os.name: 'Windows 7', os.arch: 'amd64', os.version: '6.1', java.version: '1.7.0_25'
Session ID: 63677b75-28e8-4bbd-ae27-618d26c59fbc
Driver info: org.openqa.selenium.remote.RemoteWebDriver
Capabilities [{platform=XP, javascriptEnabled=true, acceptSslCerts=true, browserName=firefox, rotatable=false, locationContextEnabled=true, webdriver.remote.sessionid=63677b75-28e8-4bbd-ae27-618d26c59fbc, version=23.0.1, databaseEnabled=true, cssSelectorsEnabled=true, handlesAlerts=true, browserConnectionEnabled=true, nativeEvents=true, webStorageEnabled=true, applicationCacheEnabled=true, takesScreenshot=true}]
	at org.openqa.selenium.remote.ErrorHandler.createThrowable(ErrorHandler.java:191)
	at org.openqa.selenium.remote.ErrorHandler.throwIfResponseFailed(ErrorHandler.java:145)
	at org.openqa.selenium.remote.RemoteWebDriver.execute(RemoteWebDriver.java:554)
	at org.openqa.selenium.remote.RemoteWebDriver.execute(RemoteWebDriver.java:569)
	at org.openqa.selenium.remote.RemoteWebDriver.quit(RemoteWebDriver.java:423)
	at com.wwt.scm.TestNG_SearchFilterDriver.afterTest(TestNG_SearchFilterDriver.java:55)
	at java.util.concurrent.FutureTask$Sync.innerRun(FutureTask.java:334)
	at java.util.concurrent.FutureTask.run(FutureTask.java:166)
	at java.util.concurrent.ThreadPoolExecutor.runWorker(ThreadPoolExecutor.java:1145)
	at java.util.concurrent.ThreadPoolExecutor$Worker.run(ThreadPoolExecutor.java:615)
	at java.lang.Thread.run(Thread.java:724)
Caused by: org.openqa.selenium.remote.UnreachableBrowserException: Error communicating with the remote browser. It may have died.
Build info: version: '2.35.0', revision: 'c916b9d', time: '2013-08-12 15:42:01'
System info: os.name: 'Windows 7', os.arch: 'amd64', os.version: '6.1', java.version: '1.7.0_25'
Driver info: driver.version: EventFiringWebDriver
Build info: version: '2.35.0', revision: '8df0c6b', time: '2013-08-12 15:43:19'
System info: os.name: 'Windows 7', os.arch: 'amd64', os.version: '6.1', java.version: '1.7.0_25'
Driver info: driver.version: EventFiringWebDriver
	at org.openqa.selenium.remote.RemoteWebDriver.execute(RemoteWebDriver.java:548)
	at org.openqa.selenium.remote.RemoteWebDriver.execute(RemoteWebDriver.java:569)
	at org.openqa.selenium.remote.RemoteWebDriver.quit(RemoteWebDriver.java:423)
	at org.openqa.selenium.support.events.EventFiringWebDriver$2.invoke(EventFiringWebDriver.java:101)
	at com.sun.proxy.$Proxy1.quit(Unknown Source)
	at org.openqa.selenium.support.events.EventFiringWebDriver.quit(EventFiringWebDriver.java:194)
	at org.openqa.selenium.remote.server.handler.DeleteSession.call(DeleteSession.java:49)
	at org.openqa.selenium.remote.server.handler.DeleteSession.call(DeleteSession.java:1)
	at java.util.concurrent.FutureTask$Sync.innerRun(FutureTask.java:334)
	at java.util.concurrent.FutureTask.run(FutureTask.java:166)
	at org.openqa.selenium.remote.server.DefaultSession$1.run(DefaultSession.java:169)
	... 3 more
... Removed 24 stack frames]]>
    </failure>
  </testcase> <!-- @AfterClass afterTest -->
  <testcase name="SearchAndFilter_2_0" time="50.47" classname="com.wwt.scm.TestNG_SearchFilterDriver"/>
  <testcase name="SearchAndFilter_2_1" time="38.037" classname="com.wwt.scm.TestNG_SearchFilterDriver"/>
  <testcase name="SearchAndFilter_2_2" time="21.442" classname="com.wwt.scm.TestNG_SearchFilterDriver"/>
  <testcase name="SearchAndFilter_2_3" time="46.243" classname="com.wwt.scm.TestNG_SearchFilterDriver"/>
  <testcase name="SearchAndFilter_3_0" time="37.893" classname="com.wwt.scm.TestNG_SearchFilterDriver"/>
  <testcase name="SearchAndFilter_3_1" time="42.134" classname="com.wwt.scm.TestNG_SearchFilterDriver"/>
  <testcase name="SearchAndFilter_3_2" time="32.858" classname="com.wwt.scm.TestNG_SearchFilterDriver"/>
  <testcase name="SearchAndFilter_3_3" time="49.921" classname="com.wwt.scm.TestNG_SearchFilterDriver"/>
  <testcase name="SearchAndFilter_42_0_SingleSearch" time="33.111" classname="com.wwt.scm.TestNG_SearchFilterDriver"/>
  <testcase name="SearchAndFilter_42_1" time="53.977" classname="com.wwt.scm.TestNG_SearchFilterDriver"/>
  <testcase name="SearchAndFilter_42_2" time="25.206" classname="com.wwt.scm.TestNG_SearchFilterDriver"/>
  <testcase name="SearchAndFilter_42_0_MultipleSearch" time="49.16" classname="com.wwt.scm.TestNG_SearchFilterDriver"/>
  <testcase name="SearchAndFilter_41_0_SingleSearch" time="32.948" classname="com.wwt.scm.TestNG_SearchFilterDriver"/>
  <testcase name="SearchAndFilter_41_1" time="41.005" classname="com.wwt.scm.TestNG_SearchFilterDriver"/>
  <testcase name="SearchAndFilter_41_2" time="23.601" classname="com.wwt.scm.TestNG_SearchFilterDriver"/>
  <testcase name="SearchAndFilter_41_0_MultipleSearch" time="158.516" classname="com.wwt.scm.TestNG_SearchFilterDriver"/>
  <testcase name="SearchAndFilter_4_0_SingleSearch" time="154.587" classname="com.wwt.scm.TestNG_SearchFilterDriver"/>
  <testcase name="SearchAndFilter_4_1" time="63.163" classname="com.wwt.scm.TestNG_SearchFilterDriver"/>
  <testcase name="SearchAndFilter_4_2" time="30.029" classname="com.wwt.scm.TestNG_SearchFilterDriver"/>
  <testcase name="SearchAndFilter_4_0_MultipleSearch" time="59.725" classname="com.wwt.scm.TestNG_SearchFilterDriver"/>
  <testcase name="SearchAndFilter_5_0_SingleSearch" time="38.913" classname="com.wwt.scm.TestNG_SearchFilterDriver"/>
  <testcase name="SearchAndFilter_5_1" time="57.138" classname="com.wwt.scm.TestNG_SearchFilterDriver"/>
  <testcase name="SearchAndFilter_5_2" time="26.539" classname="com.wwt.scm.TestNG_SearchFilterDriver"/>
  <testcase name="SearchAndFilter_5_0_MultipleSearch" time="50.049" classname="com.wwt.scm.TestNG_SearchFilterDriver"/>
  <testcase name="SearchAndFilter_6_0_SingleSearch" time="32.137" classname="com.wwt.scm.TestNG_SearchFilterDriver"/>
  <testcase name="SearchAndFilter_6_1" time="41.897" classname="com.wwt.scm.TestNG_SearchFilterDriver"/>
  <testcase name="SearchAndFilter_6_2" time="23.228" classname="com.wwt.scm.TestNG_SearchFilterDriver"/>
  <testcase name="SearchAndFilter_6_0_MultipleSearch" time="36.762" classname="com.wwt.scm.TestNG_SearchFilterDriver"/>
  <testcase name="SearchAndFilter_61_0_SingleSearch" time="34.421" classname="com.wwt.scm.TestNG_SearchFilterDriver"/>
  <testcase name="SearchAndFilter_61_1" time="43.692" classname="com.wwt.scm.TestNG_SearchFilterDriver"/>
  <testcase name="SearchAndFilter_61_2" time="24.054" classname="com.wwt.scm.TestNG_SearchFilterDriver"/>
  <testcase name="SearchAndFilter_61_0_MultipleSearch" time="38.368" classname="com.wwt.scm.TestNG_SearchFilterDriver"/>
  <testcase name="SearchAndFilter_7_0_SingleSearch" time="32.677" classname="com.wwt.scm.TestNG_SearchFilterDriver"/>
  <testcase name="SearchAndFilter_7_1" time="41.906" classname="com.wwt.scm.TestNG_SearchFilterDriver"/>
  <testcase name="SearchAndFilter_7_2" time="24.262" classname="com.wwt.scm.TestNG_SearchFilterDriver"/>
  <testcase name="SearchAndFilter_7_0_MultipleSearch" time="32.447" classname="com.wwt.scm.TestNG_SearchFilterDriver"/>
  <testcase name="SearchAndFilter_8_0_SingleSearch" time="156.023" classname="com.wwt.scm.TestNG_SearchFilterDriver"/>
  <testcase name="SearchAndFilter_8_1" time="54.966" classname="com.wwt.scm.TestNG_SearchFilterDriver"/>
  <testcase name="SearchAndFilter_8_2" time="146.155" classname="com.wwt.scm.TestNG_SearchFilterDriver"/>
  <testcase name="SearchAndFilter_8_0_MultipleSearch" time="49.984" classname="com.wwt.scm.TestNG_SearchFilterDriver"/>
  <testcase name="SearchAndFilter_20_0" time="26.318" classname="com.wwt.scm.TestNG_SearchFilterDriver"/>
  <testcase name="SearchAndFilter_21_0" time="22.846" classname="com.wwt.scm.TestNG_SearchFilterDriver"/>
  <testcase name="SearchAndFilter_20_21" time="29.943" classname="com.wwt.scm.TestNG_SearchFilterDriver"/>
  <testcase name="SearchAndFilter_22_0" time="46.616" classname="com.wwt.scm.TestNG_SearchFilterDriver"/>
  <testcase name="SearchAndFilter_22_1" time="153.792" classname="com.wwt.scm.TestNG_SearchFilterDriver">
    <failure type="java.lang.Exception" message="Element not found in the cache - perhaps the page has changed since it was looked up
Command duration or timeout: 120.05 seconds
For documentation on this error, please visit: http://seleniumhq.org/exceptions/stale_element_reference.html
Build info: version: &amp;apos;2.35.0&amp;apos;, revision: &amp;apos;c916b9d&amp;apos;, time: &amp;apos;2013-08-12 15:42:01&amp;apos;
System info: os.name: &amp;apos;Windows 7&amp;apos;, os.arch: &amp;apos;amd64&amp;apos;, os.version: &amp;apos;6.1&amp;apos;, java.version: &amp;apos;1.7.0_25&amp;apos;
Session ID: a2c893f9-e5bc-4033-9b4f-00be5ddd20c0
Driver info: org.openqa.selenium.firefox.FirefoxDriver
Capabilities [{platform=XP, databaseEnabled=true, cssSelectorsEnabled=true, javascriptEnabled=true, acceptSslCerts=true, handlesAlerts=true, browserName=firefox, browserConnectionEnabled=true, nativeEvents=true, webStorageEnabled=true, rotatable=false, locationContextEnabled=true, applicationCacheEnabled=true, takesScreenshot=true, version=23.0.1}]
Command duration or timeout: 120.43 seconds
For documentation on this error, please visit: http://seleniumhq.org/exceptions/stale_element_reference.html
Build info: version: &amp;apos;2.35.0&amp;apos;, revision: &amp;apos;8df0c6b&amp;apos;, time: &amp;apos;2013-08-12 15:43:19&amp;apos;
System info: os.name: &amp;apos;Windows 7&amp;apos;, os.arch: &amp;apos;amd64&amp;apos;, os.version: &amp;apos;6.1&amp;apos;, java.version: &amp;apos;1.7.0_25&amp;apos;
Session ID: b71decba-6ee5-4262-be50-32bb7215901a
Driver info: org.openqa.selenium.remote.RemoteWebDriver
Capabilities [{platform=XP, javascriptEnabled=true, acceptSslCerts=true, browserName=firefox, rotatable=false, locationContextEnabled=true, webdriver.remote.sessionid=b71decba-6ee5-4262-be50-32bb7215901a, version=23.0.1, databaseEnabled=true, cssSelectorsEnabled=true, handlesAlerts=true, browserConnectionEnabled=true, nativeEvents=true, webStorageEnabled=true, applicationCacheEnabled=true, takesScreenshot=true}]">
      <![CDATA[java.lang.Exception: Element not found in the cache - perhaps the page has changed since it was looked up
Command duration or timeout: 120.05 seconds
For documentation on this error, please visit: http://seleniumhq.org/exceptions/stale_element_reference.html
Build info: version: '2.35.0', revision: 'c916b9d', time: '2013-08-12 15:42:01'
System info: os.name: 'Windows 7', os.arch: 'amd64', os.version: '6.1', java.version: '1.7.0_25'
Session ID: a2c893f9-e5bc-4033-9b4f-00be5ddd20c0
Driver info: org.openqa.selenium.firefox.FirefoxDriver
Capabilities [{platform=XP, databaseEnabled=true, cssSelectorsEnabled=true, javascriptEnabled=true, acceptSslCerts=true, handlesAlerts=true, browserName=firefox, browserConnectionEnabled=true, nativeEvents=true, webStorageEnabled=true, rotatable=false, locationContextEnabled=true, applicationCacheEnabled=true, takesScreenshot=true, version=23.0.1}]
Command duration or timeout: 120.43 seconds
For documentation on this error, please visit: http://seleniumhq.org/exceptions/stale_element_reference.html
Build info: version: '2.35.0', revision: '8df0c6b', time: '2013-08-12 15:43:19'
System info: os.name: 'Windows 7', os.arch: 'amd64', os.version: '6.1', java.version: '1.7.0_25'
Session ID: b71decba-6ee5-4262-be50-32bb7215901a
Driver info: org.openqa.selenium.remote.RemoteWebDriver
Capabilities [{platform=XP, javascriptEnabled=true, acceptSslCerts=true, browserName=firefox, rotatable=false, locationContextEnabled=true, webdriver.remote.sessionid=b71decba-6ee5-4262-be50-32bb7215901a, version=23.0.1, databaseEnabled=true, cssSelectorsEnabled=true, handlesAlerts=true, browserConnectionEnabled=true, nativeEvents=true, webStorageEnabled=true, applicationCacheEnabled=true, takesScreenshot=true}]
	at com.wwt.scm.TestNG_SearchFilterDriver.SearchAndFilter_22_1(TestNG_SearchFilterDriver.java:2074)
	at java.util.concurrent.FutureTask$Sync.innerRun(FutureTask.java:334)
	at java.util.concurrent.FutureTask.run(FutureTask.java:166)
	at java.util.concurrent.ThreadPoolExecutor.runWorker(ThreadPoolExecutor.java:1145)
	at java.util.concurrent.ThreadPoolExecutor$Worker.run(ThreadPoolExecutor.java:615)
	at java.lang.Thread.run(Thread.java:724)
... Removed 16 stack frames]]>
    </failure>
  </testcase> <!-- SearchAndFilter_22_1 -->
  <testcase name="SearchAndFilter_22_2" time="67.612" classname="com.wwt.scm.TestNG_SearchFilterDriver"/>
  <testcase name="SearchAndFilter_22_3" time="34.511" classname="com.wwt.scm.TestNG_SearchFilterDriver"/>
  <testcase name="LineAndDetailDisplay_1_10" time="36.451" classname="com.wwt.scm.TestNG_SearchFilterDriver"/>
  <testcase name="LineAndDetailDisplay_1_11" time="16.732" classname="com.wwt.scm.TestNG_SearchFilterDriver">
    <failure type="java.lang.Exception" message="expected [true] but found [false]">
      <![CDATA[java.lang.Exception: expected [true] but found [false]
	at com.wwt.scm.TestNG_SearchFilterDriver.LineAndDetailDisplay_1_11(TestNG_SearchFilterDriver.java:2252)
	at java.util.concurrent.FutureTask$Sync.innerRun(FutureTask.java:334)
	at java.util.concurrent.FutureTask.run(FutureTask.java:166)
	at java.util.concurrent.ThreadPoolExecutor.runWorker(ThreadPoolExecutor.java:1145)
	at java.util.concurrent.ThreadPoolExecutor$Worker.run(ThreadPoolExecutor.java:615)
	at java.lang.Thread.run(Thread.java:724)
... Removed 16 stack frames]]>
    </failure>
  </testcase> <!-- LineAndDetailDisplay_1_11 -->
  <testcase name="LineAndDetailDisplay_1_12" time="59.171" classname="com.wwt.scm.TestNG_SearchFilterDriver"/>
  <testcase name="LineAndDetailDisplay_1_13" time="28.02" classname="com.wwt.scm.TestNG_SearchFilterDriver">
    <failure type="java.lang.Exception" message="Un-Freeze columns in output display, Ensure that the columns have un-frozen by scrolling expected [true] but found [false]">
      <![CDATA[java.lang.Exception: Un-Freeze columns in output display, Ensure that the columns have un-frozen by scrolling expected [true] but found [false]
	at com.wwt.scm.TestNG_SearchFilterDriver.LineAndDetailDisplay_1_13(TestNG_SearchFilterDriver.java:2338)
	at java.util.concurrent.FutureTask$Sync.innerRun(FutureTask.java:334)
	at java.util.concurrent.FutureTask.run(FutureTask.java:166)
	at java.util.concurrent.ThreadPoolExecutor.runWorker(ThreadPoolExecutor.java:1145)
	at java.util.concurrent.ThreadPoolExecutor$Worker.run(ThreadPoolExecutor.java:615)
	at java.lang.Thread.run(Thread.java:724)
... Removed 16 stack frames]]>
    </failure>
  </testcase> <!-- LineAndDetailDisplay_1_13 -->
  <testcase name="LineAndDetailDisplay_1_14" time="17.698" classname="com.wwt.scm.TestNG_SearchFilterDriver">
    <failure type="org.openqa.selenium.WebDriverException" message="Error communicating with the remote browser. It may have died.
Build info: version: &amp;apos;2.35.0&amp;apos;, revision: &amp;apos;c916b9d&amp;apos;, time: &amp;apos;2013-08-12 15:42:01&amp;apos;
System info: os.name: &amp;apos;Windows 7&amp;apos;, os.arch: &amp;apos;amd64&amp;apos;, os.version: &amp;apos;6.1&amp;apos;, java.version: &amp;apos;1.7.0_25&amp;apos;
Driver info: driver.version: EventFiringWebDriver
Command duration or timeout: 1.36 seconds
Build info: version: &amp;apos;2.35.0&amp;apos;, revision: &amp;apos;8df0c6b&amp;apos;, time: &amp;apos;2013-08-12 15:43:19&amp;apos;
System info: os.name: &amp;apos;Windows 7&amp;apos;, os.arch: &amp;apos;amd64&amp;apos;, os.version: &amp;apos;6.1&amp;apos;, java.version: &amp;apos;1.7.0_25&amp;apos;
Session ID: 63677b75-28e8-4bbd-ae27-618d26c59fbc
Driver info: org.openqa.selenium.remote.RemoteWebDriver
Capabilities [{platform=XP, javascriptEnabled=true, acceptSslCerts=true, browserName=firefox, rotatable=false, locationContextEnabled=true, webdriver.remote.sessionid=63677b75-28e8-4bbd-ae27-618d26c59fbc, version=23.0.1, databaseEnabled=true, cssSelectorsEnabled=true, handlesAlerts=true, browserConnectionEnabled=true, nativeEvents=true, webStorageEnabled=true, applicationCacheEnabled=true, takesScreenshot=true}]">
      <![CDATA[org.openqa.selenium.WebDriverException: Error communicating with the remote browser. It may have died.
Build info: version: '2.35.0', revision: 'c916b9d', time: '2013-08-12 15:42:01'
System info: os.name: 'Windows 7', os.arch: 'amd64', os.version: '6.1', java.version: '1.7.0_25'
Driver info: driver.version: EventFiringWebDriver
Command duration or timeout: 1.36 seconds
Build info: version: '2.35.0', revision: '8df0c6b', time: '2013-08-12 15:43:19'
System info: os.name: 'Windows 7', os.arch: 'amd64', os.version: '6.1', java.version: '1.7.0_25'
Session ID: 63677b75-28e8-4bbd-ae27-618d26c59fbc
Driver info: org.openqa.selenium.remote.RemoteWebDriver
Capabilities [{platform=XP, javascriptEnabled=true, acceptSslCerts=true, browserName=firefox, rotatable=false, locationContextEnabled=true, webdriver.remote.sessionid=63677b75-28e8-4bbd-ae27-618d26c59fbc, version=23.0.1, databaseEnabled=true, cssSelectorsEnabled=true, handlesAlerts=true, browserConnectionEnabled=true, nativeEvents=true, webStorageEnabled=true, applicationCacheEnabled=true, takesScreenshot=true}]
	at org.openqa.selenium.remote.ErrorHandler.createThrowable(ErrorHandler.java:191)
	at org.openqa.selenium.remote.ErrorHandler.throwIfResponseFailed(ErrorHandler.java:145)
	at org.openqa.selenium.remote.RemoteWebDriver.execute(RemoteWebDriver.java:554)
	at org.openqa.selenium.remote.RemoteWebDriver.execute(RemoteWebDriver.java:569)
	at org.openqa.selenium.remote.RemoteWebDriver.close(RemoteWebDriver.java:418)
	at com.wwt.scm.TestNG_SearchFilterDriver.LineAndDetailDisplay_1_14(TestNG_SearchFilterDriver.java:2381)
	at java.util.concurrent.FutureTask$Sync.innerRun(FutureTask.java:334)
	at java.util.concurrent.FutureTask.run(FutureTask.java:166)
	at java.util.concurrent.ThreadPoolExecutor.runWorker(ThreadPoolExecutor.java:1145)
	at java.util.concurrent.ThreadPoolExecutor$Worker.run(ThreadPoolExecutor.java:615)
	at java.lang.Thread.run(Thread.java:724)
Caused by: org.openqa.selenium.remote.UnreachableBrowserException: Error communicating with the remote browser. It may have died.
Build info: version: '2.35.0', revision: 'c916b9d', time: '2013-08-12 15:42:01'
System info: os.name: 'Windows 7', os.arch: 'amd64', os.version: '6.1', java.version: '1.7.0_25'
Driver info: driver.version: EventFiringWebDriver
Build info: version: '2.35.0', revision: '8df0c6b', time: '2013-08-12 15:43:19'
System info: os.name: 'Windows 7', os.arch: 'amd64', os.version: '6.1', java.version: '1.7.0_25'
Driver info: driver.version: EventFiringWebDriver
	at org.openqa.selenium.remote.RemoteWebDriver.execute(RemoteWebDriver.java:548)
	at org.openqa.selenium.remote.RemoteWebDriver.execute(RemoteWebDriver.java:569)
	at org.openqa.selenium.remote.RemoteWebDriver.close(RemoteWebDriver.java:418)
	at org.openqa.selenium.support.events.EventFiringWebDriver$2.invoke(EventFiringWebDriver.java:101)
	at com.sun.proxy.$Proxy1.close(Unknown Source)
	at org.openqa.selenium.support.events.EventFiringWebDriver.close(EventFiringWebDriver.java:190)
	at org.openqa.selenium.remote.server.handler.CloseWindow.call(CloseWindow.java:32)
	at org.openqa.selenium.remote.server.handler.CloseWindow.call(CloseWindow.java:1)
	at java.util.concurrent.FutureTask$Sync.innerRun(FutureTask.java:334)
	at java.util.concurrent.FutureTask.run(FutureTask.java:166)
	at org.openqa.selenium.remote.server.DefaultSession$1.run(DefaultSession.java:169)
	... 3 more
... Removed 24 stack frames]]>
    </failure>
  </testcase> <!-- LineAndDetailDisplay_1_14 -->
</testsuite> <!-- WWT SCM TestNG_SearchFilterDriver -->
