<?xml version="1.0" encoding="UTF-8"?>
<!-- Generated by org.testng.reporters.JUnitXMLReporter -->
<testsuite hostname="ASI-INA94109YD" name="WWT SCM ExtUserSearchFilterDriver" tests="1" failures="1" timestamp="4 Nov 2013 16:15:10 GMT" time="54.615" errors="0">
  <testcase name="@AfterClass afterTest" time="0.0" classname="com.wwt.scm.TestNG_ExtUserSearchFilterDriver">
    <failure type="java.lang.NullPointerException">
      <![CDATA[java.lang.NullPointerException
	at com.wwt.scm.TestNG_ExtUserSearchFilterDriver.afterTest(TestNG_ExtUserSearchFilterDriver.java:61)
	at org.apache.maven.surefire.testng.TestNGExecutor.run(TestNGExecutor.java:217)
	at org.apache.maven.surefire.testng.TestNGXmlTestSuite.execute(TestNGXmlTestSuite.java:84)
	at org.apache.maven.surefire.testng.TestNGProvider.invoke(TestNGProvider.java:92)
	at org.apache.maven.surefire.booter.ForkedBooter.invokeProviderInSameClassLoader(ForkedBooter.java:200)
	at org.apache.maven.surefire.booter.ForkedBooter.runSuitesInProcess(ForkedBooter.java:153)
	at org.apache.maven.surefire.booter.ForkedBooter.main(ForkedBooter.java:103)
... Removed 21 stack frames]]>
    </failure>
  </testcase> <!-- @AfterClass afterTest -->
  <testcase name="LineAndDetailDisplay_2_2" time="1.064" classname="com.wwt.scm.TestNG_ExtUserSearchFilterDriver">
    <failure type="java.lang.NullPointerException">
      <![CDATA[java.lang.NullPointerException
	at com.wwt.scm.TestNG_ExtUserSearchFilterDriver.updateResults(TestNG_ExtUserSearchFilterDriver.java:660)
	at com.wwt.scm.TestNG_ExtUserSearchFilterDriver.LineAndDetailDisplay_2_2(TestNG_ExtUserSearchFilterDriver.java:544)
	at org.apache.maven.surefire.testng.TestNGExecutor.run(TestNGExecutor.java:217)
	at org.apache.maven.surefire.testng.TestNGXmlTestSuite.execute(TestNGXmlTestSuite.java:84)
	at org.apache.maven.surefire.testng.TestNGProvider.invoke(TestNGProvider.java:92)
	at org.apache.maven.surefire.booter.ForkedBooter.invokeProviderInSameClassLoader(ForkedBooter.java:200)
	at org.apache.maven.surefire.booter.ForkedBooter.runSuitesInProcess(ForkedBooter.java:153)
	at org.apache.maven.surefire.booter.ForkedBooter.main(ForkedBooter.java:103)
... Removed 21 stack frames]]>
    </failure>
  </testcase> <!-- LineAndDetailDisplay_2_2 -->
</testsuite> <!-- WWT SCM ExtUserSearchFilterDriver -->
